loading learnt parameters...
reading dev data...

['And', 'their', 'suspicions', 'of', 'each', 'other', 'run', 'deep', '.'] 

running dual decomposition...
0
['CC', 'PRP$', 'NNS', 'RB', 'DT', 'JJ', 'VBD', 'JJ', 'VB']
['CC', 'PRP$', 'NNP', 'RB', 'DT', 'JJ', 'VBD', 'RB', '.']
10
['CC', 'PRP$', 'NNS', 'RB', 'DT', 'JJ', 'VBD', 'JJ', 'VB']
['CC', 'PRP$', 'NNS', 'RB', 'DT', 'JJ', 'VBD', 'JJ', '.']
20
['CC', 'PRP$', 'NNS', 'RB', 'DT', 'JJ', 'VBD', 'JJ', 'VB']
['CC', 'PRP$', 'NNS', 'RB', 'DT', 'JJ', 'VBD', 'JJ', '.']
30
['CC', 'PRP$', 'NNS', 'RB', 'DT', 'JJ', 'VBD', 'JJ', 'VB']
['CC', 'PRP$', 'NNS', 'RB', 'DT', 'JJ', 'VBD', 'JJ', '.']
40
['CC', 'PRP$', 'NNS', 'RB', 'DT', 'JJ', 'VBD', 'JJ', 'VB']
['CC', 'PRP$', 'NNS', 'RB', 'DT', 'JJ', 'VBD', 'JJ', '.']
50
['CC', 'PRP$', 'NNS', 'RB', 'DT', 'JJ', 'VBD', 'JJ', 'VB']
['CC', 'PRP$', 'NNS', 'RB', 'DT', 'JJ', 'VBD', 'JJ', '.']
60
['CC', 'PRP$', 'NNS', 'RB', 'DT', 'JJ', 'VBD', 'JJ', 'VB']
['CC', 'PRP$', 'NNS', 'RB', 'DT', 'JJ', 'VBD', 'JJ', '.']
70
['CC', 'PRP$', 'NNS', 'RB', 'DT', 'JJ', 'VBD', 'JJ', 'VB']
['CC', 'PRP$', 'NNS', 'RB', 'DT', 'JJ', 'VBD', 'JJ', '.']
80
['CC', 'PRP$', 'NNS', 'RB', 'DT', 'JJ', 'VBD', 'JJ', 'VB']
['CC', 'PRP$', 'NNS', 'RB', 'DT', 'JJ', 'VBD', 'JJ', '.']
90
['CC', 'PRP$', 'NNS', 'RB', 'DT', 'JJ', 'VBD', 'JJ', 'VB']
['CC', 'PRP$', 'NNS', 'RB', 'DT', 'JJ', 'VBD', 'JJ', '.']
100
['CC', 'PRP$', 'NNS', 'RB', 'DT', 'JJ', 'VBD', 'JJ', 'VB']
['CC', 'PRP$', 'NNS', 'RB', 'DT', 'JJ', 'VBD', 'JJ', '.']
does not converge :(

